<?xml version="1.0" encoding="UTF-8"?>
<!-- Generated by org.testng.reporters.JUnitReportReporter -->
<testsuite hostname="DESKTOP-D1PII2G" failures="0" tests="1" name="TestScript.QALegendNoteTest" time="3.358" errors="0" timestamp="2024-12-16T16:26:48 IST" skipped="0">
  <testcase classname="TestScript.QALegendNoteTest" name="addNotesTestcases" time="3.358"/>
</testsuite> <!-- TestScript.QALegendNoteTest -->
