<?xml version="1.0" encoding="UTF-8"?>
<!-- Generated by org.testng.reporters.JUnitReportReporter -->
<testsuite hostname="DESKTOP-D1PII2G" failures="0" tests="1" name="TestScript.QALegendEditNoteTest" time="3.206" errors="0" timestamp="2024-12-16T16:26:48 IST" skipped="0">
  <testcase classname="TestScript.QALegendEditNoteTest" name="editNoteTestcases" time="3.206"/>
</testsuite> <!-- TestScript.QALegendEditNoteTest -->
