<?xml version="1.0" encoding="UTF-8"?>
<!-- Generated by org.testng.reporters.JUnitReportReporter -->
<testsuite hostname="DESKTOP-D1PII2G" failures="0" tests="1" name="TestScript.QALegendEditItemsTest" time="7.447" errors="0" timestamp="2024-12-18T21:16:11 IST" skipped="0">
  <testcase classname="TestScript.QALegendEditItemsTest" name="editItemTestcases" time="7.447"/>
</testsuite> <!-- TestScript.QALegendEditItemsTest -->
