<?xml version="1.0" encoding="UTF-8"?>
<!-- Generated by org.testng.reporters.JUnitReportReporter -->
<testsuite hostname="DESKTOP-D1PII2G" failures="0" tests="1" name="TestScript.QALegendMessagesTest" time="9.123" errors="0" timestamp="2025-01-01T03:41:56 IST" skipped="0">
  <testcase classname="TestScript.QALegendMessagesTest" name="sendMessageTestcases" time="9.123"/>
</testsuite> <!-- TestScript.QALegendMessagesTest -->
