<?xml version="1.0" encoding="UTF-8"?>
<!-- Generated by org.testng.reporters.JUnitReportReporter -->
<testsuite hostname="DESKTOP-D1PII2G" failures="0" tests="1" name="TestScript.QALegendEditNoteTest" time="7.670" errors="0" timestamp="2024-12-16T21:47:00 IST" skipped="0">
  <testcase classname="TestScript.QALegendEditNoteTest" name="editNoteTestcases" time="7.670"/>
</testsuite> <!-- TestScript.QALegendEditNoteTest -->
