<?xml version="1.0" encoding="UTF-8"?>
<!-- Generated by org.testng.reporters.JUnitReportReporter -->
<testsuite hostname="DESKTOP-D1PII2G" failures="0" tests="1" name="TestScript.QALegendEventTest" time="8.298" errors="0" timestamp="2025-01-01T16:35:20 IST" skipped="0">
  <testcase classname="TestScript.QALegendEventTest" name="addEventTestcase" time="8.298"/>
</testsuite> <!-- TestScript.QALegendEventTest -->
