<?xml version="1.0" encoding="UTF-8"?>
<!-- Generated by org.testng.reporters.JUnitReportReporter -->
<testsuite hostname="DESKTOP-D1PII2G" failures="0" tests="1" name="TestScript.QALegendMessagesTest" time="6.477" errors="0" timestamp="2024-12-28T18:58:40 IST" skipped="0">
  <testcase classname="TestScript.QALegendMessagesTest" name="sendMessageTestcases" time="6.477"/>
</testsuite> <!-- TestScript.QALegendMessagesTest -->
