<?xml version="1.0" encoding="UTF-8"?>
<!-- Generated by org.testng.reporters.JUnitReportReporter -->
<testsuite hostname="DESKTOP-D1PII2G" failures="0" tests="1" name="TestScript.QALegendEventTest" time="4.664" errors="0" timestamp="2024-12-28T14:14:45 IST" skipped="0">
  <testcase classname="TestScript.QALegendEventTest" name="addEventTestcase" time="4.664"/>
</testsuite> <!-- TestScript.QALegendEventTest -->
