<?xml version="1.0" encoding="UTF-8"?>
<!-- Generated by org.testng.reporters.JUnitReportReporter -->
<testsuite hostname="DESKTOP-D1PII2G" failures="0" tests="1" name="TestScript.QALegendNoteTest" time="15.949" errors="0" timestamp="2024-12-26T16:44:18 IST" skipped="0">
  <testcase classname="TestScript.QALegendNoteTest" name="addNotesTestcases" time="15.949"/>
</testsuite> <!-- TestScript.QALegendNoteTest -->
