<?xml version="1.0" encoding="UTF-8"?>
<!-- Generated by org.testng.reporters.JUnitReportReporter -->
<testsuite hostname="DESKTOP-D1PII2G" failures="0" tests="1" name="TestScript.QALegendEditNoteTest" time="16.100" errors="0" timestamp="2024-12-26T20:58:45 IST" skipped="0">
  <testcase classname="TestScript.QALegendEditNoteTest" name="editNoteTestcases" time="16.100"/>
</testsuite> <!-- TestScript.QALegendEditNoteTest -->
