<?xml version="1.0" encoding="UTF-8"?>
<!-- Generated by org.testng.reporters.JUnitReportReporter -->
<testsuite hostname="DESKTOP-D1PII2G" failures="0" tests="1" name="TestScript.QALegendEditItemsTest" time="4.890" errors="0" timestamp="2025-01-01T18:16:09 IST" skipped="0">
  <testcase classname="TestScript.QALegendEditItemsTest" name="editItemTestcases" time="4.890"/>
</testsuite> <!-- TestScript.QALegendEditItemsTest -->
