<?xml version="1.0" encoding="UTF-8"?>
<!-- Generated by org.testng.reporters.JUnitReportReporter -->
<testsuite hostname="DESKTOP-D1PII2G" failures="0" tests="1" name="TestScript.QALegendNoteTest" time="5.009" errors="0" timestamp="2024-12-16T21:47:01 IST" skipped="0">
  <testcase classname="TestScript.QALegendNoteTest" name="addNotesTestcases" time="5.009"/>
</testsuite> <!-- TestScript.QALegendNoteTest -->
