<?xml version="1.0" encoding="UTF-8"?>
<!-- Generated by org.testng.reporters.JUnitReportReporter -->
<testsuite hostname="DESKTOP-D1PII2G" failures="0" tests="1" name="TestScript.QALegendItemsTest" time="7.460" errors="0" timestamp="2024-12-18T20:34:06 IST" skipped="0">
  <testcase classname="TestScript.QALegendItemsTest" name="addEventTestcases" time="7.460"/>
</testsuite> <!-- TestScript.QALegendItemsTest -->
