<?xml version="1.0" encoding="UTF-8"?>
<!-- Generated by org.testng.reporters.JUnitReportReporter -->
<testsuite hostname="DESKTOP-D1PII2G" failures="0" tests="1" name="TestScript.QALegendNoteTest" time="10.832" errors="0" timestamp="2025-01-01T21:03:47 IST" skipped="0">
  <testcase classname="TestScript.QALegendNoteTest" name="addNotesTestcases" time="10.832"/>
</testsuite> <!-- TestScript.QALegendNoteTest -->
