<?xml version="1.0" encoding="UTF-8"?>
<!-- Generated by org.testng.reporters.JUnitReportReporter -->
<testsuite hostname="DESKTOP-D1PII2G" failures="0" tests="1" name="TestScript.QALegendItemsTest" time="4.557" errors="0" timestamp="2025-01-01T18:38:03 IST" skipped="0">
  <testcase classname="TestScript.QALegendItemsTest" name="addEventTestcases" time="4.557"/>
</testsuite> <!-- TestScript.QALegendItemsTest -->
