<?xml version="1.0" encoding="UTF-8"?>
<!-- Generated by org.testng.reporters.JUnitReportReporter -->
<testsuite hostname="DESKTOP-D1PII2G" failures="0" tests="1" name="TestScript.QALegendTasksTest" time="7.623" errors="0" timestamp="2025-01-01T17:28:09 IST" skipped="0">
  <testcase classname="TestScript.QALegendTasksTest" name="addTasksTestcase" time="7.623"/>
</testsuite> <!-- TestScript.QALegendTasksTest -->
