<?xml version="1.0" encoding="UTF-8"?>
<!-- Generated by org.testng.reporters.JUnitReportReporter -->
<testsuite hostname="DESKTOP-D1PII2G" failures="0" tests="1" name="TestScript.QALegendAllProjectsTest" time="8.422" errors="0" timestamp="2024-12-25T11:54:03 IST" skipped="0">
  <testcase classname="TestScript.QALegendAllProjectsTest" name="addAllProjectsTestcase" time="8.422"/>
</testsuite> <!-- TestScript.QALegendAllProjectsTest -->
