<?xml version="1.0" encoding="UTF-8"?>
<!-- Generated by org.testng.reporters.JUnitReportReporter -->
<testsuite hostname="DESKTOP-D1PII2G" failures="0" tests="1" name="TestScript.QALegendAllProjectsTest" time="5.226" errors="0" timestamp="2025-01-01T18:12:43 IST" skipped="0">
  <testcase classname="TestScript.QALegendAllProjectsTest" name="addAllProjectsTestcase" time="5.226"/>
</testsuite> <!-- TestScript.QALegendAllProjectsTest -->
