<?xml version="1.0" encoding="UTF-8"?>
<!-- Generated by org.testng.reporters.JUnitReportReporter -->
<testsuite hostname="DESKTOP-D1PII2G" failures="0" tests="1" name="TestScript.QALegendAllProjectsTest" time="9.051" errors="0" timestamp="2025-01-02T12:08:15 IST" skipped="0">
  <testcase classname="TestScript.QALegendAllProjectsTest" name="addAllProjectsTestcase" time="9.051"/>
</testsuite> <!-- TestScript.QALegendAllProjectsTest -->
