<?xml version="1.0" encoding="UTF-8"?>
<!-- Generated by org.testng.reporters.JUnitReportReporter -->
<testsuite hostname="DESKTOP-D1PII2G" failures="0" tests="1" name="TestScript.QALegendAddClientsTest" time="5.319" errors="0" timestamp="2025-01-01T18:11:01 IST" skipped="0">
  <testcase classname="TestScript.QALegendAddClientsTest" name="addClientsTestcases" time="5.319"/>
</testsuite> <!-- TestScript.QALegendAddClientsTest -->
